[3gH    H    H    H    H    H    H    H    H    H    H    H    H    H    H    H    H    H    H    H   [INFO] Using python from: /home/ubuntu/IsaacLab/_isaac_sim/python.sh
cat: '/sys/devices/system/cpu/cpu*/cpufreq/scaling_governor': No such file or directory
Loading user config located at: '/opt/IsaacSim/kit/data/Kit/Isaac-Sim/5.1/user.config.json'
[Info] [carb] Logging to file: /opt/IsaacSim/kit/logs/Kit/Isaac-Sim/5.1/kit_20260424_135347.log
2026-04-24T13:53:47Z [718ms] [Warning] [carb.windowing-glfw.plugin] GLFW initialization failed.
2026-04-24T13:53:47Z [718ms] [Warning] [carb] Failed to startup plugin carb.windowing-glfw.plugin (interfaces: [carb::windowing::IGLContext v1.0],[carb::windowing::IWindowing v1.5]) (impl: carb.windowing-glfw.plugin)
2026-04-24T13:53:47Z [729ms] [Warning] [omni.platforminfo.plugin] failed to open the default display.  Can't verify X Server version.

|---------------------------------------------------------------------------------------------|
| Driver Version: 570.172.08    | Graphics API: Vulkan
|=============================================================================================|
| GPU | Name                             | Active | LDA | GPU Memory | Vendor-ID | LUID       |
|     |                                  |        |     |            | Device-ID | UUID       |
|     |                                  |        |     |            | Bus-ID    |            |
|---------------------------------------------------------------------------------------------|
| 0   | NVIDIA L40S                      | Yes: 0 |     | 46068   MB | 10de      | 0          |
|     |                                  |        |     |            | 26b9      | 336e5e79.. |
|     |                                  |        |     |            | 30        |            |
|=============================================================================================|
| OS: 24.04.3 LTS (Noble Numbat) ubuntu, Version: 24.04.3, Kernel: 6.8.0-1029-aws
| Processor: AMD EPYC 7R13 Processor
| Cores: 2 | Logical Cores: 4
|---------------------------------------------------------------------------------------------|
| Total Memory (MB): 31640 | Free Memory: 27857
| Total Page/Swap (MB): 0 | Free Page/Swap: 0
|---------------------------------------------------------------------------------------------|
2026-04-24T13:53:48Z [1,488ms] [Warning] [gpu.foundation.plugin] ECC is enabled on physical device 0
2026-04-24T13:53:48Z [1,489ms] [Warning] [gpu.foundation.plugin] PCIe link width current (8) and maximum (16) for device 0 don't match.
2026-04-24T13:53:49Z [2,352ms] [Warning] [carb.windowing-glfw.plugin] GLFW initialization failed.
2026-04-24T13:53:49Z [2,352ms] [Warning] [carb] Failed to startup plugin carb.windowing-glfw.plugin (interfaces: [carb::windowing::IGLContext v1.0],[carb::windowing::IWindowing v1.5]) (impl: carb.windowing-glfw.plugin)
2026-04-24T13:53:49Z [2,374ms] [Warning] [carb.windowing-glfw.plugin] GLFW initialization failed.
2026-04-24T13:53:49Z [2,374ms] [Warning] [carb] Failed to startup plugin carb.windowing-glfw.plugin (interfaces: [carb::windowing::IGLContext v1.0],[carb::windowing::IWindowing v1.5]) (impl: carb.windowing-glfw.plugin)
2026-04-24T13:53:49Z [2,383ms] [Warning] [carb.windowing-glfw.plugin] GLFW initialization failed.
2026-04-24T13:53:49Z [2,383ms] [Warning] [carb] Failed to startup plugin carb.windowing-glfw.plugin (interfaces: [carb::windowing::IGLContext v1.0],[carb::windowing::IWindowing v1.5]) (impl: carb.windowing-glfw.plugin)
2026-04-24T13:53:49Z [2,394ms] [Warning] [carb.windowing-glfw.plugin] GLFW initialization failed.
2026-04-24T13:53:49Z [2,394ms] [Warning] [carb] Failed to startup plugin carb.windowing-glfw.plugin (interfaces: [carb::windowing::IGLContext v1.0],[carb::windowing::IWindowing v1.5]) (impl: carb.windowing-glfw.plugin)
2026-04-24T13:53:49Z [2,395ms] [Warning] [carb.windowing-glfw.plugin] GLFW initialization failed.
2026-04-24T13:53:49Z [2,395ms] [Warning] [carb] Failed to startup plugin carb.windowing-glfw.plugin (interfaces: [carb::windowing::IGLContext v1.0],[carb::windowing::IWindowing v1.5]) (impl: carb.windowing-glfw.plugin)
2026-04-24T13:53:49Z [2,397ms] [Warning] [carb.windowing-glfw.plugin] GLFW initialization failed.
2026-04-24T13:53:49Z [2,397ms] [Warning] [carb] Failed to startup plugin carb.windowing-glfw.plugin (interfaces: [carb::windowing::IGLContext v1.0],[carb::windowing::IWindowing v1.5]) (impl: carb.windowing-glfw.plugin)
[INFO][AppLauncher]: Using device: cuda:0
[INFO][AppLauncher]: Loading experience file: /home/ubuntu/IsaacLab/apps/isaaclab.python.headless.rendering.kit
[vla] loading SmolVLA from checkpoints/continual/checkpoints/010000/pretrained_model
[vla]   PEFT detected: base=lerobot/smolvla_base, adapter=checkpoints/continual/checkpoints/010000/pretrained_model
[vla]   using local config with input_features=['observation.state', 'observation.ee_pose', 'observation.cube_pos', 'observation.images.wrist', 'observation.images.third_person']
Reducing the number of VLM layers to 16 ...
[vla] creating env Isaac-PickCube-HC10DT-Robotiq-IK-Rel-v0
[INFO]: Parsing configuration from: <class 'envs.yaskawa_pick_cube_cfg.YaskawaPickCubeIkRelEnvCfg'>

[36m======================================================================================[0m
[36m[1m[INFO][IsaacLab]: Logging to file: /tmp/isaaclab/logs/isaaclab_2026-04-24_13-54-25.log[0m
[36m======================================================================================[0m

[33m13:54:25 [simulation_context.py] WARNING: The `enable_external_forces_every_iteration` parameter in the PhysxCfg is set to False. If you are experiencing noisy velocities, consider enabling this flag. You may need to slightly increase the number of velocity iterations (setting it to 1 or 2 rather than 0), together with this flag, to improve the accuracy of velocity updates.[0m
[INFO]: Base environment:
	Environment device    : cuda:0
	Environment seed      : None
	Physics step-size     : 0.008333333333333333
	Rendering step-size   : 0.016666666666666666
	Environment step-size : 0.016666666666666666
[33m13:54:25 [prims.py] WARNING: Could not perform 'modify_collision_properties' on any prims under: '/World/envs/env_0/Robot'. This might be because of the following reasons:
	(1) The desired attribute does not exist on any of the prims.
	(2) The desired attribute exists on an instanced prim.
		Discovered list of instanced prim paths: ['/World/envs/env_0/Robot/root_joint/base_link/visuals', '/World/envs/env_0/Robot/root_joint/base_link/collisions', '/World/envs/env_0/Robot/root_joint/base/visuals', '/World/envs/env_0/Robot/root_joint/link_1_s/visuals', '/World/envs/env_0/Robot/root_joint/link_1_s/collisions', '/World/envs/env_0/Robot/root_joint/link_2_l/visuals', '/World/envs/env_0/Robot/root_joint/link_2_l/collisions', '/World/envs/env_0/Robot/root_joint/link_3_u/visuals', '/World/envs/env_0/Robot/root_joint/link_3_u/collisions', '/World/envs/env_0/Robot/root_joint/link_4_r/visuals', '/World/envs/env_0/Robot/root_joint/link_4_r/collisions', '/World/envs/env_0/Robot/root_joint/link_5_b/visuals', '/World/envs/env_0/Robot/root_joint/link_5_b/collisions', '/World/envs/env_0/Robot/root_joint/link_6_t/visuals', '/World/envs/env_0/Robot/root_joint/link_6_t/collisions', '/World/envs/env_0/Robot/root_joint/tool0/visuals', '/World/envs/env_0/Robot/root_joint/robotiq_arg2f_base_link/visuals', '/World/envs/env_0/Robot/root_joint/robotiq_arg2f_base_link/collisions', '/World/envs/env_0/Robot/root_joint/left_outer_knuckle/visuals', '/World/envs/env_0/Robot/root_joint/left_outer_knuckle/collisions', '/World/envs/env_0/Robot/root_joint/left_outer_finger/visuals', '/World/envs/env_0/Robot/root_joint/left_outer_finger/collisions', '/World/envs/env_0/Robot/root_joint/left_inner_finger/visuals', '/World/envs/env_0/Robot/root_joint/left_inner_finger/collisions', '/World/envs/env_0/Robot/root_joint/left_inner_finger_pad/visuals', '/World/envs/env_0/Robot/root_joint/left_inner_finger_pad/collisions', '/World/envs/env_0/Robot/root_joint/left_inner_knuckle/visuals', '/World/envs/env_0/Robot/root_joint/left_inner_knuckle/collisions', '/World/envs/env_0/Robot/root_joint/right_inner_knuckle/visuals', '/World/envs/env_0/Robot/root_joint/right_inner_knuckle/collisions', '/World/envs/env_0/Robot/root_joint/right_outer_knuckle/visuals', '/World/envs/env_0/Robot/root_joint/right_outer_knuckle/collisions', '/World/envs/env_0/Robot/root_joint/right_outer_finger/visuals', '/World/envs/env_0/Robot/root_joint/right_outer_finger/collisions', '/World/envs/env_0/Robot/root_joint/right_inner_finger/visuals', '/World/envs/env_0/Robot/root_joint/right_inner_finger/collisions', '/World/envs/env_0/Robot/root_joint/right_inner_finger_pad/visuals', '/World/envs/env_0/Robot/root_joint/right_inner_finger_pad/collisions'][0m
[INFO]: Time taken for scene creation : 0.555987 seconds
[INFO]: Scene manager:  <class InteractiveScene>
	Number of environments: 1
	Environment spacing   : 3.0
	Source prim name      : /World/envs/env_0
	Global prim paths     : []
	Replicate physics     : True
[INFO]: Starting the simulation. This may take a few seconds. Please wait...
[INFO]: Time taken for simulation start : 2.310642 seconds
[INFO] Command Manager:  <CommandManager> contains 0 active terms.
+------------------------+
|  Active Command Terms  |
+--------+-------+-------+
| Index  | Name  |  Type |
+--------+-------+-------+
+--------+-------+-------+

[INFO] Event Manager:  <EventManager> contains 1 active terms.
+--------------------------------------+
| Active Event Terms in Mode: 'reset'  |
+---------+----------------------------+
|  Index  | Name                       |
+---------+----------------------------+
|    0    | reset_robot                |
|    1    | randomize_cube_pose        |
|    2    | randomize_cube_color       |
|    3    | randomize_light            |
+---------+----------------------------+

[INFO] Recorder Manager:  <RecorderManager> contains 0 active terms.
+---------------------+
| Active Recorder Terms |
+-----------+---------+
|   Index   | Name    |
+-----------+---------+
+-----------+---------+

[INFO] Action Manager:  <ActionManager> contains 2 active terms.
+------------------------------------+
|   Active Action Terms (shape: 7)   |
+-------+----------------+-----------+
| Index | Name           | Dimension |
+-------+----------------+-----------+
|   0   | arm_action     |         6 |
|   1   | gripper_action |         1 |
+-------+----------------+-----------+

[INFO] Observation Manager: <ObservationManager> contains 1 groups.
+-----------------------------------------------+
|  Active Observation Terms in Group: 'policy'  |
+--------+--------------------+-----------------+
| Index  | Name               |      Shape      |
+--------+--------------------+-----------------+
|   0    | joint_pos          |      (12,)      |
|   1    | joint_vel          |      (12,)      |
|   2    | ee_pose            |       (7,)      |
|   3    | gripper_closed     |       (1,)      |
|   4    | cube_pos           |       (3,)      |
|   5    | actions            |       (7,)      |
|   6    | wrist_cam          |  (128, 128, 3)  |
|   7    | third_person_cam   |  (256, 256, 3)  |
+--------+--------------------+-----------------+

[INFO] Termination Manager:  <TerminationManager> contains 2 active terms.
+-----------------------------+
|   Active Termination Terms  |
+-------+----------+----------+
| Index | Name     | Time Out |
+-------+----------+----------+
|   0   | time_out |   True   |
|   1   | success  |  False   |
+-------+----------+----------+

[INFO] Reward Manager:  <RewardManager> contains 0 active terms.
+-----------------------+
|  Active Reward Terms  |
+-------+------+--------+
| Index | Name | Weight |
+-------+------+--------+
+-------+------+--------+

[INFO] Curriculum Manager:  <CurriculumManager> contains 0 active terms.
+----------------------+
| Active Curriculum Terms |
+-----------+----------+
|   Index   | Name     |
+-----------+----------+
+-----------+----------+

[INFO]: Completed setting up the environment...
[vla] === episode 0 | cube at (0.623, 0.004, 0.025)
[vla]     episode 0 result: FAIL after 1800 steps
[vla]     wrote gif reports/prompt_ab/ep10_pink_square_0p623_0p004.gif (20.4 MB, 450 frames)
[vla] total: 0/1 success (0%)
2026-04-24T13:53:49Z [2,683ms] [Warning] [omni.log] Source: omni.hydra was already registered.
2026-04-24T13:53:50Z [3,484ms] [Warning] [omni.isaac.dynamic_control] omni.isaac.dynamic_control is deprecated as of Isaac Sim 4.5. No action is needed from end-users.
2026-04-24T13:53:53Z [6,394ms] [Warning] [pxr.Semantics] pxr.Semantics is deprecated - please use Semantics instead
2026-04-24T13:53:53Z [6,534ms] [Warning] [omni.replicator.core.scripts.extension] No material configuration file, adding configuration to material settings directly.
2026-04-24T13:53:54Z [7,019ms] [Warning] [omni.graph.tools._impl.internal.extension_contents_1_18] Exception while importing file /opt/IsaacSim/extscache/omni.replicator.core-1.12.16+107.3.1.lx64.r.cp311/omni/replicator/core/ogn/python/_impl/nodes/OgnDecal.py: Traceback (most recent call last):
  File "/opt/IsaacSim/extscache/omni.graph.tools-1.79.2+8131b85d/omni/graph/tools/_impl/internal/extension_contents_1_18.py", line 366, in do_import_node_definition
    node_module = load_module_from_file(node_module_name, node_file)
                  ^^^^^^^^^^^^^^^^^^^^^^^^^^^^^^^^^^^^^^^^^^^^^^^^^^
  File "/opt/IsaacSim/extscache/omni.graph.tools-1.79.2+8131b85d/omni/graph/tools/_impl/internal/file_utils.py", line 239, in load_module_from_file
    spec.loader.exec_module(module)
  File "<frozen importlib._bootstrap_external>", line 940, in exec_module
  File "<frozen importlib._bootstrap>", line 241, in _call_with_frames_removed
  File "/opt/IsaacSim/extscache/omni.replicator.core-1.12.16+107.3.1.lx64.r.cp311/omni/replicator/core/ogn/python/_impl/nodes/OgnDecal.py", line 20, in <module>
    import warp.sim
ModuleNotFoundError: No module named 'warp.sim'

2026-04-24T13:53:54Z [7,605ms] [Warning] [usdrt.population.plugin] using high frequency span is disabled
2026-04-24T13:53:54Z [7,767ms] [Warning] [carb] Acquiring non optional plugin interface which is not listed as dependency: [carb::dictionary::ISerializer v1.1] (plugin: carb.dictionary.serializer-json.plugin), by client: carb.scenerenderer-rtx.plugin. Add it to CARB_PLUGIN_IMPL_DEPS() macro of a client.
2026-04-24T13:53:58Z [11,757ms] [Warning] [usdrt.hydra.fabric_scene_delegate.plugin] using high frequency span is disabled
2026-04-24T13:53:58Z [11,757ms] [Warning] [usdrt.hydra.fabric_scene_delegate.plugin] using high frequency span is disabled
2026-04-24T13:53:58Z [11,758ms] [Warning] [usdrt.hydra.fabric_scene_delegate.plugin] using high frequency span with attrs is disabled
2026-04-24T13:53:58Z [11,767ms] [Warning] [omni.fabric.plugin] Warning: attribute viewportHandle not found for bucket id 7

2026-04-24T13:53:58Z [11,780ms] [Warning] [usdrt.hydra.fabric_scene_delegate.plugin] using high frequency span is disabled
2026-04-24T13:53:58Z [11,780ms] [Warning] [usdrt.hydra.fabric_scene_delegate.plugin] using high frequency span is disabled
2026-04-24T13:54:25Z [37,971ms] [Warning] [isaaclab.envs.manager_based_env] Seed not set for the environment. The environment creation may not be deterministic.
2026-04-24T13:54:26Z [39,682ms] [Warning] [usdrt.hydra.fabric_scene_delegate.plugin] using high frequency span with attrs is disabled
2026-04-24T13:54:26Z [39,689ms] [Warning] [usdrt.hydra.fabric_scene_delegate.plugin] using high frequency span with attrs is disabled
2026-04-24T13:54:26Z [39,689ms] [Warning] [omni.fabric.plugin] getAttributeCount called on non-existent path /World/envs/env_0/Robot/root_joint/right_inner_finger_pad/collisions/mesh_0
2026-04-24T13:54:26Z [39,689ms] [Warning] [omni.fabric.plugin] getTypes called on non-existent path /World/envs/env_0/Robot/root_joint/right_inner_finger_pad/collisions/mesh_0
2026-04-24T13:54:27Z [40,681ms] [Warning] [rtx.postprocessing.plugin] DLSS increasing input dimensions: Render resolution of (74, 74) is below minimal input resolution of 300.
2026-04-24T13:54:31Z [44,672ms] [Warning] [carb] Client gpu.foundation.plugin has acquired [gpu::unstable::IMemoryBudgetManagerFactory v0.1] 100 times. Consider accessing this interface with carb::getCachedInterface() (Performance warning)
